TN:
SF:src/data/useCases/SignUp/signup.useCase.ts
FN:4,SignUpUseCase
FN:6,add
FNF:2
FNH:2
FNDA:2,SignUpUseCase
FNDA:2,add
DA:1,1
DA:2,1
DA:3,1
DA:4,1
DA:5,1
DA:6,1
DA:7,2
DA:8,2
DA:9,2
DA:10,1
DA:11,1
DA:12,1
DA:13,1
DA:14,1
DA:15,1
DA:16,1
DA:17,1
DA:18,1
DA:19,1
DA:20,1
DA:21,1
LF:21
LH:21
BRDA:4,0,0,2
BRDA:6,1,0,2
BRDA:9,2,0,1
BRF:3
BRH:3
end_of_record
TN:
SF:src/infra/repositories/user.repository.ts
FN:7,UserLocalRepository
FN:11,create
FN:19,get
FN:25,getMany
FNF:4
FNH:4
FNDA:1,UserLocalRepository
FNDA:11,create
FNDA:2,get
FNDA:2,getMany
DA:1,1
DA:2,1
DA:3,1
DA:4,1
DA:5,1
DA:6,1
DA:7,1
DA:8,1
DA:9,1
DA:10,1
DA:11,1
DA:12,11
DA:13,11
DA:14,11
DA:15,11
DA:16,11
DA:17,11
DA:18,1
DA:19,1
DA:20,2
DA:21,2
DA:22,2
DA:23,2
DA:24,1
DA:25,1
DA:26,2
DA:27,18
DA:28,2
DA:29,2
DA:30,2
DA:31,2
DA:32,1
LF:32
LH:32
BRDA:7,0,0,1
BRDA:11,1,0,11
BRDA:19,2,0,2
BRDA:20,3,0,3
BRDA:20,4,0,1
BRDA:20,5,0,2
BRDA:25,6,0,2
BRDA:26,7,0,18
BRDA:27,8,0,11
BRDA:27,9,0,7
BRF:10
BRH:10
end_of_record
